#
# A fatal error has been detected by the Java Runtime Environment:
#
#  EXCEPTION_ACCESS_VIOLATION (0xc0000005) at pc=0xffffffffa8905120, pid=1560, tid=0x00000000000014c4
#
# JRE version: OpenJDK Runtime Environment (8.0_152-b01) (build 1.8.0_152-release-1248-b01)
# Java VM: OpenJDK 64-Bit Server VM (25.152-b01 mixed mode windows-amd64 compressed oops)
# Problematic frame:
# C  0xffffffffa8905120
#
# Failed to write core dump. Minidumps are not enabled by default on client versions of Windows
#
# If you would like to submit a bug report, please visit:
#   http://bugreport.java.com/bugreport/crash.jsp
#

---------------  T H R E A D  ---------------

Current thread (0x000000005c5d3000):  JavaThread "ForkJoinPool-11-worker-11" daemon [_thread_in_Java, id=5316, stack(0x0000000070c60000,0x0000000070d60000)]

siginfo: ExceptionCode=0xc0000005, ExceptionInformation=0x0000000000000008 0xffffffffa8905120

Registers:
RAX=0x0000000000000000, RBX=0x0000000000000020, RCX=0x000000000000001f, RDX=0x00000000a6e91230
RSP=0x0000000070d5e778, RBP=0x00000000117c0000, RSI=0x0000000000000013, RDI=0x00000000e18391c8
R8 =0x00000000f9acf328, R9 =0x0000000000001000, R10=0x00000000e18391c8, R11=0x0000000000000000
R12=0x0000000000000000, R13=0x000000000000001e, R14=0x0000000000000000, R15=0x000000005c5d3000
RIP=0xffffffffa8905120, EFLAGS=0x0000000000010246

Top of Stack: (sp=0x0000000070d5e778)
0x0000000070d5e778:   0000000007e12b7c 00000000a6e91230
0x0000000070d5e788:   00000000e18391c8 0000000000000000
0x0000000070d5e798:   00000000f9acf328 00000000f9acf3e4
0x0000000070d5e7a8:   0000000000000000 0000000000000000
0x0000000070d5e7b8:   0000000000001000 00000000f9ad3518
0x0000000070d5e7c8:   00000000e18391c8 0000000070d5e948
0x0000000070d5e7d8:   0000000006ef432c 00000000e1839190
0x0000000070d5e7e8:   00000000e181d528 0000000070d5e948
0x0000000070d5e7f8:   00000000082a6204 0000000070d5e948
0x0000000070d5e808:   0000000005b029e4 00000000e18391c8
0x0000000070d5e818:   00000000f9acf470 00000000f9acf328
0x0000000070d5e828:   0000000070d5e828 0000000070d5e948
0x0000000070d5e838:   0000000007d364ec 000000006aed7620
0x0000000070d5e848:   0000000000000000 0000000070d5e948
0x0000000070d5e858:   00000000082a4f7c 00000000e18391c8
0x0000000070d5e868:   0000000070d5e8e0 0000000002908071 

Instructions: (pc=0xffffffffa8905120)
0xffffffffa8905100:   
[error occurred during error reporting (printing registers, top of stack, instructions near pc), id 0xc0000005]

Register to memory mapping:

RAX=0x0000000000000000 is an unknown value
RBX=0x0000000000000020 is an unknown value
RCX=0x000000000000001f is an unknown value
RDX=0x00000000a6e91230 is an oop
java.util.concurrent.ForkJoinPool 
 - klass: 'java/util/concurrent/ForkJoinPool'
RSP=0x0000000070d5e778 is pointing into the stack for thread: 0x000000005c5d3000
RBP=0x00000000117c0000 is an unknown value
RSI=0x0000000000000013 is an unknown value
RDI=0x00000000e18391c8 is an oop
java.util.concurrent.ForkJoinTask$AdaptedRunnableAction 
 - klass: 'java/util/concurrent/ForkJoinTask$AdaptedRunnableAction'
R8 =0x00000000f9acf328 is an oop
java.util.concurrent.ForkJoinPool$WorkQueue 
 - klass: 'java/util/concurrent/ForkJoinPool$WorkQueue'
R9 =0x0000000000001000 is an unknown value
R10=0x00000000e18391c8 is an oop
java.util.concurrent.ForkJoinTask$AdaptedRunnableAction 
 - klass: 'java/util/concurrent/ForkJoinTask$AdaptedRunnableAction'
R11=0x0000000000000000 is an unknown value
R12=0x0000000000000000 is an unknown value
R13=0x000000000000001e is an unknown value
R14=0x0000000000000000 is an unknown value
R15=0x000000005c5d3000 is a thread


Stack: [0x0000000070c60000,0x0000000070d60000],  sp=0x0000000070d5e778,  free space=1017k
Native frames: (J=compiled Java code, j=interpreted, Vv=VM code, C=native code)
C  0xffffffffa8905120


---------------  P R O C E S S  ---------------

Java Threads: ( => current thread )
  0x000000005c760000 JavaThread "ForkJoinPool-11-worker-8" daemon [_thread_in_Java, id=6564, stack(0x0000000071710000,0x0000000071810000)]
  0x000000005c75f800 JavaThread "ForkJoinPool-11-worker-15" daemon [_thread_in_Java, id=7440, stack(0x00000000701b0000,0x00000000702b0000)]
  0x000000005c75e800 JavaThread "ForkJoinPool-11-worker-13" daemon [_thread_in_Java, id=924, stack(0x00000000703e0000,0x00000000704e0000)]
  0x000000005c75d800 JavaThread "ForkJoinPool-11-worker-9" daemon [_thread_blocked, id=5380, stack(0x00000000702e0000,0x00000000703e0000)]
  0x000000005c75c000 JavaThread "ForkJoinPool-11-worker-14" daemon [_thread_blocked, id=7120, stack(0x00000000715e0000,0x00000000716e0000)]
  0x000000005c75b800 JavaThread "ForkJoinPool-11-worker-12" daemon [_thread_in_Java, id=5012, stack(0x0000000070ec0000,0x0000000070fc0000)]
  0x000000005c75a800 JavaThread "ForkJoinPool-11-worker-10" daemon [_thread_in_Java, id=5780, stack(0x0000000070d90000,0x0000000070e90000)]
=>0x000000005c5d3000 JavaThread "ForkJoinPool-11-worker-11" daemon [_thread_in_Java, id=5316, stack(0x0000000070c60000,0x0000000070d60000)]
  0x000000005c5d2000 JavaThread "ForkJoinPool-11-worker-5" daemon [_thread_in_Java, id=5756, stack(0x0000000070090000,0x0000000070190000)]
  0x000000005c5d1800 JavaThread "ForkJoinPool-11-worker-7" daemon [_thread_in_Java, id=2868, stack(0x0000000070b30000,0x0000000070c30000)]
  0x000000005c5d0800 JavaThread "ForkJoinPool-11-worker-6" daemon [_thread_in_Java, id=6772, stack(0x0000000070980000,0x0000000070a80000)]
  0x000000005c5d0000 JavaThread "ForkJoinPool-11-worker-4" daemon [_thread_blocked, id=5924, stack(0x0000000070650000,0x0000000070750000)]
  0x000000005c5cf000 JavaThread "ForkJoinPool-11-worker-3" daemon [_thread_blocked, id=2936, stack(0x0000000070780000,0x0000000070880000)]
  0x000000005c5cc000 JavaThread "ForkJoinPool-11-worker-2" daemon [_thread_blocked, id=6752, stack(0x0000000063c30000,0x0000000063d30000)]
  0x000000005c5ce800 JavaThread "ForkJoinPool-11-worker-0" daemon [_thread_blocked, id=5628, stack(0x000000006d5c0000,0x000000006d6c0000)]
  0x000000005c5cd800 JavaThread "ForkJoinPool-11-worker-1" daemon [_thread_blocked, id=3168, stack(0x0000000064b40000,0x0000000064c40000)]
  0x000000005f905000 JavaThread "ForkJoinPool.commonPool-worker-1" daemon [_thread_blocked, id=7048, stack(0x000000006fd70000,0x000000006fe70000)]
  0x000000005f783000 JavaThread "Cache worker for Java compile cache (C:\AndroidProjects\ExoPlayer\.gradle\4.10.1\javaCompile)" [_thread_blocked, id=6640, stack(0x000000006fb90000,0x000000006fc90000)]
  0x000000005f903800 JavaThread "RMI TCP Connection(idle)" daemon [_thread_blocked, id=3788, stack(0x000000005ea00000,0x000000005eb00000)]
  0x000000005f904000 JavaThread "RMI TCP Connection(idle)" daemon [_thread_blocked, id=7568, stack(0x000000006fa30000,0x000000006fb30000)]
  0x000000005bfd0000 JavaThread "RMI TCP Connection(idle)" daemon [_thread_blocked, id=3932, stack(0x000000006c0b0000,0x000000006c1b0000)]
  0x000000006198b800 JavaThread "stdout" daemon [_thread_in_native, id=7516, stack(0x000000006d700000,0x000000006d800000)]
  0x000000006198a800 JavaThread "stderr" daemon [_thread_in_native, id=6956, stack(0x000000006d450000,0x000000006d550000)]
  0x000000006198c000 JavaThread "stdout" daemon [_thread_in_native, id=6404, stack(0x0000000063620000,0x0000000063720000)]
  0x000000005bfd3000 JavaThread "stderr" daemon [_thread_in_native, id=3276, stack(0x0000000061840000,0x0000000061940000)]
  0x000000005bfd3800 JavaThread "pool-70-thread-1" [_thread_blocked, id=4108, stack(0x000000006c240000,0x000000006c340000)]
  0x000000005a620800 JavaThread "Cache worker for Build Output Cleanup Cache (C:\AndroidProjects\ExoPlayer\.gradle\buildOutputCleanup)" [_thread_blocked, id=2648, stack(0x0000000060a10000,0x0000000060b10000)]
  0x000000005a61d800 JavaThread "Cache worker for task history cache (C:\AndroidProjects\ExoPlayer\.gradle\4.10.1\taskHistory)" [_thread_blocked, id=8140, stack(0x0000000063220000,0x0000000063320000)]
  0x000000005a622000 JavaThread "Task worker for ':'" [_thread_blocked, id=2352, stack(0x000000006bca0000,0x000000006bda0000)]
  0x000000005a623800 JavaThread "Cache worker for file content cache (C:\AndroidProjects\ExoPlayer\.gradle\4.10.1\fileContent)" [_thread_blocked, id=7616, stack(0x0000000062d80000,0x0000000062e80000)]
  0x000000005a61e000 JavaThread "Build operations Thread 2" [_thread_blocked, id=6504, stack(0x000000006af40000,0x000000006b040000)]
  0x000000005a61f800 JavaThread "Build operations" [_thread_blocked, id=3716, stack(0x000000005fef0000,0x000000005fff0000)]
  0x000000005a621000 JavaThread "Cache worker for cache directory md-rule (C:\Users\mark\.gradle\caches\4.10.1\md-rule)" [_thread_blocked, id=2552, stack(0x000000006ac00000,0x000000006ad00000)]
  0x000000005a532000 JavaThread "Cache worker for cache directory md-supplier (C:\Users\mark\.gradle\caches\4.10.1\md-supplier)" [_thread_blocked, id=6988, stack(0x0000000062b80000,0x0000000062c80000)]
  0x000000005a530800 JavaThread "Cache worker for file hash cache (C:\AndroidProjects\ExoPlayer\.gradle\4.10.1\fileHashes)" [_thread_blocked, id=7428, stack(0x0000000061730000,0x0000000061830000)]
  0x000000005a536800 JavaThread "Stdin handler" [_thread_blocked, id=5080, stack(0x0000000059e10000,0x0000000059f10000)]
  0x000000005a534800 JavaThread "Asynchronous log dispatcher for DefaultDaemonConnection: socket connection from /127.0.0.1:65228 to /127.0.0.1:49633" [_thread_blocked, id=300, stack(0x0000000061620000,0x0000000061720000)]
  0x000000005a52e800 JavaThread "Cancel handler" [_thread_blocked, id=1616, stack(0x000000005cb50000,0x000000005cc50000)]
  0x000000005a52f000 JavaThread "Handler for socket connection from /127.0.0.1:65228 to /127.0.0.1:49633" [_thread_in_native, id=5760, stack(0x000000005b7c0000,0x000000005b8c0000)]
  0x000000005a52c000 JavaThread "RMI TCP Connection(13)-127.0.0.1" daemon [_thread_in_native, id=7540, stack(0x0000000059760000,0x0000000059860000)]
  0x000000005a533800 JavaThread "Daemon worker Thread 9" [_thread_blocked, id=7132, stack(0x000000005d480000,0x000000005d580000)]
  0x000000005a52b800 JavaThread "Daemon Thread 9" [_thread_blocked, id=2452, stack(0x0000000059f40000,0x000000005a040000)]
  0x000000005f784000 JavaThread "Cache worker for Java compile cache (C:\Users\mark\.gradle\caches\4.10.1\javaCompile)" [_thread_blocked, id=3060, stack(0x0000000065380000,0x0000000065480000)]
  0x000000005f786000 JavaThread "RMI Reaper" [_thread_blocked, id=2364, stack(0x0000000065020000,0x0000000065120000)]
  0x000000005f785800 JavaThread "RMI TCP Accept-0" daemon [_thread_in_native, id=6924, stack(0x0000000064170000,0x0000000064270000)]
  0x000000005f784800 JavaThread "GC Daemon" daemon [_thread_blocked, id=7304, stack(0x0000000064ee0000,0x0000000064fe0000)]
  0x0000000061989000 JavaThread "RMI Scheduler(0)" daemon [_thread_blocked, id=5840, stack(0x0000000063b20000,0x0000000063c20000)]
  0x000000005bfd0800 JavaThread "Cache worker for file content cache (C:\Users\mark\.gradle\caches\4.10.1\fileContent)" [_thread_blocked, id=5216, stack(0x0000000063120000,0x0000000063220000)]
  0x000000005a533000 JavaThread "Memory manager" [_thread_blocked, id=6400, stack(0x0000000060b10000,0x0000000060c10000)]
  0x000000005a52d000 JavaThread "Cache worker for Artifact transforms cache (C:\Users\mark\.gradle\caches\transforms-1)" [_thread_blocked, id=4836, stack(0x000000005d640000,0x000000005d740000)]
  0x000000005a528800 JavaThread "Cache worker for journal cache (C:\Users\mark\.gradle\caches\journal-1)" [_thread_blocked, id=3524, stack(0x000000005ccf0000,0x000000005cdf0000)]
  0x0000000058e12000 JavaThread "File lock request listener" [_thread_in_native, id=6512, stack(0x0000000059990000,0x0000000059a90000)]
  0x000000005a578800 JavaThread "Cache worker for file hash cache (C:\Users\mark\.gradle\caches\4.10.1\fileHashes)" [_thread_blocked, id=3440, stack(0x000000005b680000,0x000000005b780000)]
  0x0000000058c98000 JavaThread "Daemon periodic checks" [_thread_blocked, id=3864, stack(0x0000000059ae0000,0x0000000059be0000)]
  0x0000000058c90800 JavaThread "Incoming local TCP Connector on port 65228" [_thread_in_native, id=7912, stack(0x0000000057b80000,0x0000000057c80000)]
  0x00000000575c0800 JavaThread "Service Thread" daemon [_thread_blocked, id=3124, stack(0x0000000057a60000,0x0000000057b60000)]
  0x000000005603d000 JavaThread "C1 CompilerThread1" daemon [_thread_blocked, id=3584, stack(0x00000000574b0000,0x00000000575b0000)]
  0x0000000056035800 JavaThread "C2 CompilerThread0" daemon [_thread_blocked, id=7740, stack(0x00000000572f0000,0x00000000573f0000)]
  0x0000000056046000 JavaThread "Attach Listener" daemon [_thread_blocked, id=6188, stack(0x0000000056f20000,0x0000000057020000)]
  0x0000000056044800 JavaThread "Signal Dispatcher" daemon [_thread_blocked, id=7744, stack(0x0000000057030000,0x0000000057130000)]
  0x000000005601f000 JavaThread "Finalizer" daemon [_thread_blocked, id=5348, stack(0x0000000056de0000,0x0000000056ee0000)]
  0x0000000055fd6000 JavaThread "Reference Handler" daemon [_thread_blocked, id=4524, stack(0x0000000056c00000,0x0000000056d00000)]
  0x000000000214e800 JavaThread "main" [_thread_blocked, id=5264, stack(0x0000000002530000,0x0000000002630000)]

Other Threads:
  0x0000000055fcc000 VMThread [stack: 0x0000000056a90000,0x0000000056b90000] [id=5736]
  0x000000005609e800 WatcherThread [stack: 0x0000000057c80000,0x0000000057d80000] [id=3128]

VM state:not at safepoint (normal execution)

VM Mutex/Monitor currently owned by a thread: None

Heap:
 PSYoungGen      total 466944K, used 59785K [0x00000000e0000000, 0x0000000100000000, 0x0000000100000000)
  eden space 415744K, 6% used [0x00000000e0000000,0x00000000e1a397c0,0x00000000f9600000)
  from space 51200K, 64% used [0x00000000f9600000,0x00000000fb628e00,0x00000000fc800000)
  to   space 54784K, 0% used [0x00000000fca80000,0x00000000fca80000,0x0000000100000000)
 ParOldGen       total 161280K, used 120257K [0x00000000a0000000, 0x00000000a9d80000, 0x00000000e0000000)
  object space 161280K, 74% used [0x00000000a0000000,0x00000000a75706f8,0x00000000a9d80000)
 Metaspace       used 115584K, capacity 125727K, committed 126080K, reserved 1159168K
  class space    used 14468K, capacity 16944K, committed 17024K, reserved 1048576K

Card table byte_map: [0x0000000011cc0000,0x0000000011fd0000] byte_map_base: 0x00000000117c0000

Marking Bits: (ParMarkBitMap*) 0x0000000064a35aa0
 Begin Bits: [0x00000000123a0000, 0x0000000013ba0000)
 End Bits:   [0x0000000013ba0000, 0x00000000153a0000)

Polling page: 0x0000000000330000

CodeCache: size=245760Kb used=92177Kb max_used=92218Kb free=153582Kb
 bounds [0x0000000002900000, 0x00000000083a0000, 0x0000000011900000]
 total_blobs=26755 nmethods=25817 adapters=849
 compilation: enabled

Compilation events (10 events):
Event: 3769.972 Thread 0x0000000056035800 33946       4       java.util.concurrent.ConcurrentLinkedQueue$Itr::next (20 bytes)
Event: 3769.974 Thread 0x0000000056035800 nmethod 33946 0x000000000838a450 code [0x000000000838a5a0, 0x000000000838a6b8]
Event: 3770.015 Thread 0x000000005603d000 33954       3       com.android.tools.r8.graph.DexValue$DexValueType::hashCode (5 bytes)
Event: 3770.015 Thread 0x000000005603d000 nmethod 33954 0x000000000838ed90 code [0x000000000838ef20, 0x000000000838f388]
Event: 3770.019 Thread 0x0000000056035800 33955       4       com.android.tools.r8.dex.FileWriter::writeEncodedArray (70 bytes)
Event: 3770.023 Thread 0x0000000056035800 nmethod 33955 0x0000000008396990 code [0x0000000008396ae0, 0x0000000008396ca8]
Event: 3770.025 Thread 0x000000005603d000 33956       3       java.util.concurrent.ForkJoinPool::tryCompensate (354 bytes)
Event: 3770.027 Thread 0x000000005603d000 nmethod 33956 0x0000000008398c90 code [0x0000000008398ea0, 0x00000000083999f8]
Event: 3770.027 Thread 0x0000000056035800 33957       4       java.util.concurrent.ForkJoinPool::tryCompensate (354 bytes)
Event: 3770.036 Thread 0x0000000056035800 nmethod 33957 0x000000000839ba10 code [0x000000000839bba0, 0x000000000839c010]

GC Heap History (10 events):
Event: 3754.582 GC heap before
{Heap before GC invocations=60 (full 5):
 PSYoungGen      total 459776K, used 408463K [0x00000000e0000000, 0x0000000100000000, 0x0000000100000000)
  eden space 400896K, 99% used [0x00000000e0000000,0x00000000f877e4f0,0x00000000f8780000)
  from space 58880K, 12% used [0x00000000fbf80000,0x00000000fc6e58c8,0x00000000ff900000)
  to   space 57344K, 0% used [0x00000000f8780000,0x00000000f8780000,0x00000000fbf80000)
 ParOldGen       total 161280K, used 115739K [0x00000000a0000000, 0x00000000a9d80000, 0x00000000e0000000)
  object space 161280K, 71% used [0x00000000a0000000,0x00000000a7106d80,0x00000000a9d80000)
 Metaspace       used 115355K, capacity 125363K, committed 125568K, reserved 1157120K
  class space    used 14459K, capacity 16932K, committed 17024K, reserved 1048576K
Event: 3754.704 GC heap after
Heap after GC invocations=60 (full 5):
 PSYoungGen      total 458240K, used 2240K [0x00000000e0000000, 0x00000000ffc80000, 0x0000000100000000)
  eden space 400896K, 0% used [0x00000000e0000000,0x00000000e0000000,0x00000000f8780000)
  from space 57344K, 3% used [0x00000000f8780000,0x00000000f89b0000,0x00000000fbf80000)
  to   space 56320K, 0% used [0x00000000fc580000,0x00000000fc580000,0x00000000ffc80000)
 ParOldGen       total 161280K, used 117715K [0x00000000a0000000, 0x00000000a9d80000, 0x00000000e0000000)
  object space 161280K, 72% used [0x00000000a0000000,0x00000000a72f4f98,0x00000000a9d80000)
 Metaspace       used 115355K, capacity 125363K, committed 125568K, reserved 1157120K
  class space    used 14459K, capacity 16932K, committed 17024K, reserved 1048576K
}
Event: 3758.896 GC heap before
{Heap before GC invocations=61 (full 5):
 PSYoungGen      total 458240K, used 403136K [0x00000000e0000000, 0x00000000ffc80000, 0x0000000100000000)
  eden space 400896K, 100% used [0x00000000e0000000,0x00000000f8780000,0x00000000f8780000)
  from space 57344K, 3% used [0x00000000f8780000,0x00000000f89b0000,0x00000000fbf80000)
  to   space 56320K, 0% used [0x00000000fc580000,0x00000000fc580000,0x00000000ffc80000)
 ParOldGen       total 161280K, used 117715K [0x00000000a0000000, 0x00000000a9d80000, 0x00000000e0000000)
  object space 161280K, 72% used [0x00000000a0000000,0x00000000a72f4f98,0x00000000a9d80000)
 Metaspace       used 115407K, capacity 125491K, committed 125824K, reserved 1159168K
  class space    used 14459K, capacity 16932K, committed 17024K, reserved 1048576K
Event: 3758.951 GC heap after
Heap after GC invocations=61 (full 5):
 PSYoungGen      total 465408K, used 4349K [0x00000000e0000000, 0x00000000ffc00000, 0x0000000100000000)
  eden space 409600K, 0% used [0x00000000e0000000,0x00000000e0000000,0x00000000f9000000)
  from space 55808K, 7% used [0x00000000fc580000,0x00000000fc9bf450,0x00000000ffc00000)
  to   space 54784K, 0% used [0x00000000f9000000,0x00000000f9000000,0x00000000fc580000)
 ParOldGen       total 161280K, used 117771K [0x00000000a0000000, 0x00000000a9d80000, 0x00000000e0000000)
  object space 161280K, 73% used [0x00000000a0000000,0x00000000a7302fb8,0x00000000a9d80000)
 Metaspace       used 115407K, capacity 125491K, committed 125824K, reserved 1159168K
  class space    used 14459K, capacity 16932K, committed 17024K, reserved 1048576K
}
Event: 3761.727 GC heap before
{Heap before GC invocations=62 (full 5):
 PSYoungGen      total 465408K, used 413949K [0x00000000e0000000, 0x00000000ffc00000, 0x0000000100000000)
  eden space 409600K, 100% used [0x00000000e0000000,0x00000000f9000000,0x00000000f9000000)
  from space 55808K, 7% used [0x00000000fc580000,0x00000000fc9bf450,0x00000000ffc00000)
  to   space 54784K, 0% used [0x00000000f9000000,0x00000000f9000000,0x00000000fc580000)
 ParOldGen       total 161280K, used 117771K [0x00000000a0000000, 0x00000000a9d80000, 0x00000000e0000000)
  object space 161280K, 73% used [0x00000000a0000000,0x00000000a7302fb8,0x00000000a9d80000)
 Metaspace       used 115426K, capacity 125491K, committed 125824K, reserved 1159168K
  class space    used 14459K, capacity 16932K, committed 17024K, reserved 1048576K
Event: 3761.794 GC heap after
Heap after GC invocations=62 (full 5):
 PSYoungGen      total 464384K, used 3734K [0x00000000e0000000, 0x00000000ffc00000, 0x0000000100000000)
  eden space 409600K, 0% used [0x00000000e0000000,0x00000000e0000000,0x00000000f9000000)
  from space 54784K, 6% used [0x00000000f9000000,0x00000000f93a59f0,0x00000000fc580000)
  to   space 53248K, 0% used [0x00000000fc800000,0x00000000fc800000,0x00000000ffc00000)
 ParOldGen       total 161280K, used 119583K [0x00000000a0000000, 0x00000000a9d80000, 0x00000000e0000000)
  object space 161280K, 74% used [0x00000000a0000000,0x00000000a74c7ff8,0x00000000a9d80000)
 Metaspace       used 115426K, capacity 125491K, committed 125824K, reserved 1159168K
  class space    used 14459K, capacity 16932K, committed 17024K, reserved 1048576K
}
Event: 3764.031 GC heap before
{Heap before GC invocations=63 (full 5):
 PSYoungGen      total 464384K, used 413334K [0x00000000e0000000, 0x00000000ffc00000, 0x0000000100000000)
  eden space 409600K, 100% used [0x00000000e0000000,0x00000000f9000000,0x00000000f9000000)
  from space 54784K, 6% used [0x00000000f9000000,0x00000000f93a59f0,0x00000000fc580000)
  to   space 53248K, 0% used [0x00000000fc800000,0x00000000fc800000,0x00000000ffc00000)
 ParOldGen       total 161280K, used 119583K [0x00000000a0000000, 0x00000000a9d80000, 0x00000000e0000000)
  object space 161280K, 74% used [0x00000000a0000000,0x00000000a74c7ff8,0x00000000a9d80000)
 Metaspace       used 115427K, capacity 125491K, committed 125824K, reserved 1159168K
  class space    used 14459K, capacity 16932K, committed 17024K, reserved 1048576K
Event: 3764.208 GC heap after
Heap after GC invocations=63 (full 5):
 PSYoungGen      total 467456K, used 3295K [0x00000000e0000000, 0x00000000ffa80000, 0x0000000100000000)
  eden space 415744K, 0% used [0x00000000e0000000,0x00000000e0000000,0x00000000f9600000)
  from space 51712K, 6% used [0x00000000fc800000,0x00000000fcb37e68,0x00000000ffa80000)
  to   space 51200K, 0% used [0x00000000f9600000,0x00000000f9600000,0x00000000fc800000)
 ParOldGen       total 161280K, used 119986K [0x00000000a0000000, 0x00000000a9d80000, 0x00000000e0000000)
  object space 161280K, 74% used [0x00000000a0000000,0x00000000a752cba8,0x00000000a9d80000)
 Metaspace       used 115427K, capacity 125491K, committed 125824K, reserved 1159168K
  class space    used 14459K, capacity 16932K, committed 17024K, reserved 1048576K
}
Event: 3769.215 GC heap before
{Heap before GC invocations=64 (full 5):
 PSYoungGen      total 467456K, used 419039K [0x00000000e0000000, 0x00000000ffa80000, 0x0000000100000000)
  eden space 415744K, 100% used [0x00000000e0000000,0x00000000f9600000,0x00000000f9600000)
  from space 51712K, 6% used [0x00000000fc800000,0x00000000fcb37e68,0x00000000ffa80000)
  to   space 51200K, 0% used [0x00000000f9600000,0x00000000f9600000,0x00000000fc800000)
 ParOldGen       total 161280K, used 119986K [0x00000000a0000000, 0x00000000a9d80000, 0x00000000e0000000)
  object space 161280K, 74% used [0x00000000a0000000,0x00000000a752cba8,0x00000000a9d80000)
 Metaspace       used 115580K, capacity 125727K, committed 126080K, reserved 1159168K
  class space    used 14468K, capacity 16944K, committed 17024K, reserved 1048576K
Event: 3769.748 GC heap after
Heap after GC invocations=64 (full 5):
 PSYoungGen      total 466944K, used 32931K [0x00000000e0000000, 0x0000000100000000, 0x0000000100000000)
  eden space 415744K, 0% used [0x00000000e0000000,0x00000000e0000000,0x00000000f9600000)
  from space 51200K, 64% used [0x00000000f9600000,0x00000000fb628e00,0x00000000fc800000)
  to   space 54784K, 0% used [0x00000000fca80000,0x00000000fca80000,0x0000000100000000)
 ParOldGen       total 161280K, used 120257K [0x00000000a0000000, 0x00000000a9d80000, 0x00000000e0000000)
  object space 161280K, 74% used [0x00000000a0000000,0x00000000a75706f8,0x00000000a9d80000)
 Metaspace       used 115580K, capacity 125727K, committed 126080K, reserved 1159168K
  class space    used 14468K, capacity 16944K, committed 17024K, reserved 1048576K
}

Deoptimization events (10 events):
Event: 3765.665 Thread 0x000000005a533800 Uncommon trap: reason=class_check action=maybe_recompile pc=0x00000000074975f0 method=com.google.common.base.Joiner.toString(Ljava/lang/Object;)Ljava/lang/CharSequence; @ 6
Event: 3765.665 Thread 0x000000005a533800 Uncommon trap: reason=class_check action=maybe_recompile pc=0x0000000002be3068 method=com.google.common.base.Joiner.toString(Ljava/lang/Object;)Ljava/lang/CharSequence; @ 6
Event: 3765.666 Thread 0x000000005a533800 Uncommon trap: reason=class_check action=maybe_recompile pc=0x0000000002be3068 method=com.google.common.base.Joiner.toString(Ljava/lang/Object;)Ljava/lang/CharSequence; @ 6
Event: 3765.666 Thread 0x000000005a533800 Uncommon trap: reason=class_check action=maybe_recompile pc=0x0000000002be3068 method=com.google.common.base.Joiner.toString(Ljava/lang/Object;)Ljava/lang/CharSequence; @ 6
Event: 3765.780 Thread 0x000000005a533800 Uncommon trap: reason=class_check action=maybe_recompile pc=0x00000000074975f0 method=com.google.common.base.Joiner.toString(Ljava/lang/Object;)Ljava/lang/CharSequence; @ 6
Event: 3766.465 Thread 0x000000005a533800 Uncommon trap: reason=predicate action=maybe_recompile pc=0x00000000082552d0 method=com.android.tools.r8.com.google.common.collect.RegularImmutableMap.fromEntryArray(I[Ljava/util/Map$Entry;)Lcom/android/tools/r8/com/google/common/collect/RegularImmutableM
Event: 3768.226 Thread 0x000000005c5ce800 Uncommon trap: reason=unstable_if action=reinterpret pc=0x0000000007d7dab0 method=java.util.TimSort.mergeLo(IIII)V @ 529
Event: 3768.890 Thread 0x000000005c5ce800 Uncommon trap: reason=unstable_if action=reinterpret pc=0x0000000007e3caf4 method=java.util.concurrent.ForkJoinPool.tryCompensate(Ljava/util/concurrent/ForkJoinPool$WorkQueue;)Z @ 189
Event: 3768.897 Thread 0x000000005c5cc000 Uncommon trap: reason=unstable_if action=reinterpret pc=0x0000000007ddf148 method=java.util.concurrent.ForkJoinPool.helpStealer(Ljava/util/concurrent/ForkJoinPool$WorkQueue;Ljava/util/concurrent/ForkJoinTask;)V @ 85
Event: 3770.010 Thread 0x000000005c75a800 Uncommon trap: reason=unstable_if action=reinterpret pc=0x000000000837c2f0 method=java.util.concurrent.ForkJoinPool.tryCompensate(Ljava/util/concurrent/ForkJoinPool$WorkQueue;)Z @ 171

Classes redefined (0 events):
No events

Internal exceptions (10 events):
Event: 3768.974 Thread 0x000000005c75a800 Exception <a 'sun/nio/fs/WindowsException'> (0x00000000f6875998) thrown at [D:\src\AOSP-openjdk-cygwin\jdk8u\hotspot\src\share\vm\prims\jni.cpp, line 709]
Event: 3768.998 Thread 0x000000005c75b800 Exception <a 'sun/nio/fs/WindowsException'> (0x00000000f696a1a8) thrown at [D:\src\AOSP-openjdk-cygwin\jdk8u\hotspot\src\share\vm\prims\jni.cpp, line 709]
Event: 3769.872 Thread 0x000000005c75c000 Exception <a 'sun/nio/fs/WindowsException'> (0x00000000e1436c28) thrown at [D:\src\AOSP-openjdk-cygwin\jdk8u\hotspot\src\share\vm\prims\jni.cpp, line 709]
Event: 3769.930 Thread 0x000000005c75d800 Exception <a 'sun/nio/fs/WindowsException'> (0x00000000e15c0fd8) thrown at [D:\src\AOSP-openjdk-cygwin\jdk8u\hotspot\src\share\vm\prims\jni.cpp, line 709]
Event: 3769.934 Thread 0x000000005c75e800 Exception <a 'sun/nio/fs/WindowsException'> (0x00000000e17664f8) thrown at [D:\src\AOSP-openjdk-cygwin\jdk8u\hotspot\src\share\vm\prims\jni.cpp, line 709]
Event: 3770.011 Thread 0x000000005c75f800 Exception <a 'sun/nio/fs/WindowsException'> (0x00000000e18ba218) thrown at [D:\src\AOSP-openjdk-cygwin\jdk8u\hotspot\src\share\vm\prims\jni.cpp, line 709]
Event: 3770.015 Thread 0x000000005c75a800 Exception <a 'sun/nio/fs/WindowsException'> (0x00000000e16d8958) thrown at [D:\src\AOSP-openjdk-cygwin\jdk8u\hotspot\src\share\vm\prims\jni.cpp, line 709]
Event: 3770.020 Thread 0x000000005c75f800 Exception <a 'sun/nio/fs/WindowsException'> (0x00000000e190f748) thrown at [D:\src\AOSP-openjdk-cygwin\jdk8u\hotspot\src\share\vm\prims\jni.cpp, line 709]
Event: 3770.022 Thread 0x000000005c75f800 Exception <a 'sun/nio/fs/WindowsException'> (0x00000000e1915e60) thrown at [D:\src\AOSP-openjdk-cygwin\jdk8u\hotspot\src\share\vm\prims\jni.cpp, line 709]
Event: 3770.024 Thread 0x000000005c5d3000 Exception <a 'sun/nio/fs/WindowsException'> (0x00000000e18090a8) thrown at [D:\src\AOSP-openjdk-cygwin\jdk8u\hotspot\src\share\vm\prims\jni.cpp, line 709]

Events (10 events):
Event: 3769.932 Executing VM operation: RevokeBias
Event: 3769.932 Executing VM operation: RevokeBias done
Event: 3769.972 Thread 0x000000005c5d0800 DEOPT PACKING pc=0x00000000083916b6 sp=0x0000000070a7e7b0
Event: 3769.972 Thread 0x000000005c5d0800 DEOPT UNPACKING pc=0x00000000029471d0 sp=0x0000000070a7e520 mode 0
Event: 3770.006 Thread 0x000000005c75f800 Thread added: 0x000000005c75f800
Event: 3770.010 Thread 0x000000005c75a800 Uncommon trap: trap_request=0xffffff65 fr.pc=0x000000000837c2f0
Event: 3770.010 Thread 0x000000005c75a800 DEOPT PACKING pc=0x000000000837c2f0 sp=0x0000000070e8e540
Event: 3770.010 Thread 0x000000005c75a800 DEOPT UNPACKING pc=0x000000000294557b sp=0x0000000070e8e498 mode 2
Event: 3770.012 Executing VM operation: RevokeBias
Event: 3770.013 Executing VM operation: RevokeBias done


Dynamic libraries:
0x000000013fd10000 - 0x000000013fd41000 	C:\android-studio\jre\bin\java.exe
0x00000000770d0000 - 0x000000007726f000 	C:\Windows\SYSTEM32\ntdll.dll
0x0000000076fb0000 - 0x00000000770cf000 	C:\Windows\system32\kernel32.dll
0x000007fefcfc0000 - 0x000007fefd02a000 	C:\Windows\system32\KERNELBASE.dll
0x000007fefd0d0000 - 0x000007fefd1ab000 	C:\Windows\system32\ADVAPI32.dll
0x000007fefd030000 - 0x000007fefd0cf000 	C:\Windows\system32\msvcrt.dll
0x000007feff3a0000 - 0x000007feff3bf000 	C:\Windows\SYSTEM32\sechost.dll
0x000007feff270000 - 0x000007feff39d000 	C:\Windows\system32\RPCRT4.dll
0x0000000076eb0000 - 0x0000000076faa000 	C:\Windows\system32\USER32.dll
0x000007fefe590000 - 0x000007fefe5f7000 	C:\Windows\system32\GDI32.dll
0x000007feff210000 - 0x000007feff21e000 	C:\Windows\system32\LPK.dll
0x000007feff140000 - 0x000007feff20b000 	C:\Windows\system32\USP10.dll
0x000007fefb5b0000 - 0x000007fefb7a4000 	C:\Windows\WinSxS\amd64_microsoft.windows.common-controls_6595b64144ccf1df_6.0.7601.18837_none_fa3b1e3d17594757\COMCTL32.dll
0x000007fefe4b0000 - 0x000007fefe521000 	C:\Windows\system32\SHLWAPI.dll
0x000007fefef70000 - 0x000007fefef9e000 	C:\Windows\system32\IMM32.DLL
0x000007feff030000 - 0x000007feff139000 	C:\Windows\system32\MSCTF.dll
0x000000006d8f0000 - 0x000000006d9c2000 	C:\android-studio\jre\jre\bin\msvcr100.dll
0x0000000064270000 - 0x0000000064ab1000 	C:\android-studio\jre\jre\bin\server\jvm.dll
0x000007fef8860000 - 0x000007fef8869000 	C:\Windows\system32\WSOCK32.dll
0x000007feff220000 - 0x000007feff26d000 	C:\Windows\system32\WS2_32.dll
0x000007feff020000 - 0x000007feff028000 	C:\Windows\system32\NSI.dll
0x000007fefae00000 - 0x000007fefae3b000 	C:\Windows\system32\WINMM.dll
0x000007fefbad0000 - 0x000007fefbadc000 	C:\Windows\system32\VERSION.dll
0x0000000077270000 - 0x0000000077277000 	C:\Windows\system32\PSAPI.DLL
0x000007fefaa20000 - 0x000007fefaa2f000 	C:\android-studio\jre\jre\bin\verify.dll
0x000007fef4c80000 - 0x000007fef4ca9000 	C:\android-studio\jre\jre\bin\java.dll
0x000007fef1fb0000 - 0x000007fef1fc6000 	C:\android-studio\jre\jre\bin\zip.dll
0x000007fefd1b0000 - 0x000007fefdf3a000 	C:\Windows\system32\SHELL32.dll
0x000007fefdf40000 - 0x000007fefe13d000 	C:\Windows\system32\ole32.dll
0x000007fefcc70000 - 0x000007fefcc7f000 	C:\Windows\system32\profapi.dll
0x000007fef15b0000 - 0x000007fef15ca000 	C:\android-studio\jre\jre\bin\net.dll
0x000007fefc400000 - 0x000007fefc455000 	C:\Windows\system32\mswsock.dll
0x000007fefc3f0000 - 0x000007fefc3f7000 	C:\Windows\System32\wship6.dll
0x000007fef1c00000 - 0x000007fef1c11000 	C:\android-studio\jre\jre\bin\nio.dll
0x000007fef0ca0000 - 0x000007fef0cbe000 	C:\Users\mark\.gradle\native\25\windows-amd64\native-platform.dll
0x000007fef1fa0000 - 0x000007fef1fad000 	C:\android-studio\jre\jre\bin\management.dll
0x000007fefc460000 - 0x000007fefc478000 	C:\Windows\system32\CRYPTSP.dll
0x000007fefc160000 - 0x000007fefc1a7000 	C:\Windows\system32\rsaenh.dll
0x000007fefccc0000 - 0x000007fefccde000 	C:\Windows\system32\USERENV.dll
0x000007fefcb10000 - 0x000007fefcb1f000 	C:\Windows\system32\CRYPTBASE.dll
0x000007fefa070000 - 0x000007fefa097000 	C:\Windows\system32\IPHLPAPI.DLL
0x000007fefa060000 - 0x000007fefa06b000 	C:\Windows\system32\WINNSI.DLL
0x000007fef9330000 - 0x000007fef9341000 	C:\Windows\system32\dhcpcsvc6.DLL
0x000007fef9310000 - 0x000007fef9328000 	C:\Windows\system32\dhcpcsvc.DLL
0x000007fef1200000 - 0x000007fef1224000 	C:\android-studio\jre\jre\bin\sunec.dll
0x000007fefbba0000 - 0x000007fefbba7000 	C:\Windows\System32\wshtcpip.dll
0x000007fefc280000 - 0x000007fefc2db000 	C:\Windows\system32\DNSAPI.dll
0x000007fef3200000 - 0x000007fef3208000 	C:\Windows\system32\rasadhlp.dll
0x000007fef9470000 - 0x000007fef94c3000 	C:\Windows\System32\fwpuclnt.dll
0x000007fef14f0000 - 0x000007fef14fb000 	C:\android-studio\jre\jre\bin\sunmscapi.dll
0x000007fefcce0000 - 0x000007fefce4d000 	C:\Windows\system32\CRYPT32.dll
0x000007fefcc80000 - 0x000007fefcc8f000 	C:\Windows\system32\MSASN1.dll
0x000007fefca70000 - 0x000007fefcac7000 	C:\Windows\system32\apphelp.dll
0x000007fef1e80000 - 0x000007fef1e9e000 	C:\Users\mark\AppData\Local\Temp\native-platform6785293177373858386dir\native-platform.dll
0x000007fef7a50000 - 0x000007fef7b75000 	C:\Windows\system32\dbghelp.dll

VM Arguments:
jvm_args: -Xmx1536m -Dfile.encoding=windows-1252 -Duser.country=US -Duser.language=en -Duser.variant 
java_command: org.gradle.launcher.daemon.bootstrap.GradleDaemon 4.10.1
java_class_path (initial): C:\Users\mark\.gradle\wrapper\dists\gradle-4.10.1-all\455itskqi2qtf0v2sja68alqd\gradle-4.10.1\lib\gradle-launcher-4.10.1.jar
Launcher Type: SUN_STANDARD

Environment Variables:
JAVA_HOME=C:\Program Files\Java\jdk1.8.0_191
PATH=C:\Program Files (x86)\Common Files\Oracle\Java\javapath;C:\Windows\system32;C:\Windows;C:\Windows\System32\Wbem;C:\Windows\System32\WindowsPowerShell\v1.0\;C:\Program Files\Git\cmd;C:\Program Files\Java\jdk1.8.0_181\bin;C:\Program Files (x86)\AOMEI Backupper;C:\Program Files\nodejs\;C:\ProgramData\chocolatey\bin;C:\Users\mark\AppData\Roaming\npm;C:\Users\mark\AppData\Local\Programs\Microsoft VS Code\bin;C:\Program Files\Java\jdk1.8.0_191\bin;C:\android-sdk\platform-tools;
USERNAME=mark
OS=Windows_NT
PROCESSOR_IDENTIFIER=Intel64 Family 6 Model 15 Stepping 11, GenuineIntel



---------------  S Y S T E M  ---------------

OS: Windows 7 , 64 bit Build 7601 (6.1.7601.24260)

CPU:total 2 (initial active 2) (2 cores per cpu, 1 threads per core) family 6 model 15 stepping 11, cmov, cx8, fxsr, mmx, sse, sse2, sse3, ssse3, tsc

Memory: 4k page, physical 3144176k(84652k free), swap 7826444k(2731944k free)

vm_info: OpenJDK 64-Bit Server VM (25.152-b01) for windows-amd64 JRE (1.8.0_152-release-1248-b01), built by "builder" with MS VC++ 10.0 (VS2010)

time: Sun Apr 07 10:10:11 2019
elapsed time: 3770 seconds (0d 1h 2m 50s)

